[generator opened at 2020-11-12 20:31:34]
i sure hope you know what you're doing!
deleted 4675 files
no 'recipes' folder found. creating new folder
invalid recipe. unable to create recipe (andesite_slab_from_andesite_stonecutting.json) because it is implemented by other means (stonecutting)
invalid recipe. unable to create recipe (andesite_stairs_from_andesite_stonecutting.json) because it is implemented by other means (stonecutting)
invalid recipe. unable to create recipe (andesite_wall_from_andesite_stonecutting.json) because it is implemented by other means (stonecutting)
invalid recipe. unable to create recipe (armor_dye.json) beacuse of an incompatible crafting_type (crafting_special_armordye)
invalid recipe. unable to create recipe (baked_potato.json) because it is implemented by other means (smelting)
invalid recipe. unable to create recipe (baked_potato_from_campfire_cooking.json) because it is implemented by other means (campfire_cooking)
invalid recipe. unable to create recipe (baked_potato_from_smoking.json) because it is implemented by other means (smoking)
invalid recipe. unable to create recipe (banner_duplicate.json) beacuse of an incompatible crafting_type (crafting_special_bannerduplicate)
invalid recipe. unable to create recipe (blackstone_slab_from_blackstone_stonecutting.json) because it is implemented by other means (stonecutting)
invalid recipe. unable to create recipe (blackstone_stairs_from_blackstone_stonecutting.json) because it is implemented by other means (stonecutting)
invalid recipe. unable to create recipe (blackstone_wall_from_blackstone_stonecutting.json) because it is implemented by other means (stonecutting)
invalid recipe. unable to create recipe (black_glazed_terracotta.json) because it is implemented by other means (smelting)
invalid recipe. unable to create recipe (blue_glazed_terracotta.json) because it is implemented by other means (smelting)
invalid recipe. unable to create recipe (book_cloning.json) beacuse of an incompatible crafting_type (crafting_special_bookcloning)
invalid recipe. unable to create recipe (brick.json) because it is implemented by other means (smelting)
invalid recipe. unable to create recipe (brick_slab_from_bricks_stonecutting.json) because it is implemented by other means (stonecutting)
invalid recipe. unable to create recipe (brick_stairs_from_bricks_stonecutting.json) because it is implemented by other means (stonecutting)
invalid recipe. unable to create recipe (brick_wall_from_bricks_stonecutting.json) because it is implemented by other means (stonecutting)
invalid recipe. unable to create recipe (brown_glazed_terracotta.json) because it is implemented by other means (smelting)
invalid recipe. unable to create recipe (charcoal.json) because it is implemented by other means (smelting)
invalid recipe. unable to create recipe (chiseled_nether_bricks_from_nether_bricks_stonecutting.json) because it is implemented by other means (stonecutting)
invalid recipe. unable to create recipe (chiseled_polished_blackstone_from_blackstone_stonecutting.json) because it is implemented by other means (stonecutting)
invalid recipe. unable to create recipe (chiseled_polished_blackstone_from_polished_blackstone_stonecutting.json) because it is implemented by other means (stonecutting)
invalid recipe. unable to create recipe (chiseled_quartz_block_from_quartz_block_stonecutting.json) because it is implemented by other means (stonecutting)
invalid recipe. unable to create recipe (chiseled_red_sandstone_from_red_sandstone_stonecutting.json) because it is implemented by other means (stonecutting)
invalid recipe. unable to create recipe (chiseled_sandstone_from_sandstone_stonecutting.json) because it is implemented by other means (stonecutting)
invalid recipe. unable to create recipe (chiseled_stone_bricks_from_stone_bricks_stonecutting.json) because it is implemented by other means (stonecutting)
invalid recipe. unable to create recipe (chiseled_stone_bricks_stone_from_stonecutting.json) because it is implemented by other means (stonecutting)
invalid recipe. unable to create recipe (coal_from_blasting.json) because it is implemented by other means (blasting)
invalid recipe. unable to create recipe (coal_from_smelting.json) because it is implemented by other means (smelting)
invalid recipe. unable to create recipe (cobblestone_slab_from_cobblestone_stonecutting.json) because it is implemented by other means (stonecutting)
invalid recipe. unable to create recipe (cobblestone_stairs_from_cobblestone_stonecutting.json) because it is implemented by other means (stonecutting)
invalid recipe. unable to create recipe (cobblestone_wall_from_cobblestone_stonecutting.json) because it is implemented by other means (stonecutting)
invalid recipe. unable to create recipe (cooked_beef.json) because it is implemented by other means (smelting)
invalid recipe. unable to create recipe (cooked_beef_from_campfire_cooking.json) because it is implemented by other means (campfire_cooking)
invalid recipe. unable to create recipe (cooked_beef_from_smoking.json) because it is implemented by other means (smoking)
invalid recipe. unable to create recipe (cooked_chicken.json) because it is implemented by other means (smelting)
invalid recipe. unable to create recipe (cooked_chicken_from_campfire_cooking.json) because it is implemented by other means (campfire_cooking)
invalid recipe. unable to create recipe (cooked_chicken_from_smoking.json) because it is implemented by other means (smoking)
invalid recipe. unable to create recipe (cooked_cod.json) because it is implemented by other means (smelting)
invalid recipe. unable to create recipe (cooked_cod_from_campfire_cooking.json) because it is implemented by other means (campfire_cooking)
invalid recipe. unable to create recipe (cooked_cod_from_smoking.json) because it is implemented by other means (smoking)
invalid recipe. unable to create recipe (cooked_mutton.json) because it is implemented by other means (smelting)
invalid recipe. unable to create recipe (cooked_mutton_from_campfire_cooking.json) because it is implemented by other means (campfire_cooking)
invalid recipe. unable to create recipe (cooked_mutton_from_smoking.json) because it is implemented by other means (smoking)
invalid recipe. unable to create recipe (cooked_porkchop.json) because it is implemented by other means (smelting)
invalid recipe. unable to create recipe (cooked_porkchop_from_campfire_cooking.json) because it is implemented by other means (campfire_cooking)
invalid recipe. unable to create recipe (cooked_porkchop_from_smoking.json) because it is implemented by other means (smoking)
invalid recipe. unable to create recipe (cooked_rabbit.json) because it is implemented by other means (smelting)
invalid recipe. unable to create recipe (cooked_rabbit_from_campfire_cooking.json) because it is implemented by other means (campfire_cooking)
invalid recipe. unable to create recipe (cooked_rabbit_from_smoking.json) because it is implemented by other means (smoking)
invalid recipe. unable to create recipe (cooked_salmon.json) because it is implemented by other means (smelting)
invalid recipe. unable to create recipe (cooked_salmon_from_campfire_cooking.json) because it is implemented by other means (campfire_cooking)
invalid recipe. unable to create recipe (cooked_salmon_from_smoking.json) because it is implemented by other means (smoking)
invalid recipe. unable to create recipe (cracked_nether_bricks.json) because it is implemented by other means (smelting)
invalid recipe. unable to create recipe (cracked_polished_blackstone_bricks.json) because it is implemented by other means (smelting)
invalid recipe. unable to create recipe (cracked_stone_bricks.json) because it is implemented by other means (smelting)
invalid recipe. unable to create recipe (cut_red_sandstone_from_red_sandstone_stonecutting.json) because it is implemented by other means (stonecutting)
invalid recipe. unable to create recipe (cut_red_sandstone_slab_from_cut_red_sandstone_stonecutting.json) because it is implemented by other means (stonecutting)
invalid recipe. unable to create recipe (cut_red_sandstone_slab_from_red_sandstone_stonecutting.json) because it is implemented by other means (stonecutting)
invalid recipe. unable to create recipe (cut_sandstone_from_sandstone_stonecutting.json) because it is implemented by other means (stonecutting)
invalid recipe. unable to create recipe (cut_sandstone_slab_from_cut_sandstone_stonecutting.json) because it is implemented by other means (stonecutting)
invalid recipe. unable to create recipe (cut_sandstone_slab_from_sandstone_stonecutting.json) because it is implemented by other means (stonecutting)
invalid recipe. unable to create recipe (cyan_glazed_terracotta.json) because it is implemented by other means (smelting)
invalid recipe. unable to create recipe (dark_prismarine_slab_from_dark_prismarine_stonecutting.json) because it is implemented by other means (stonecutting)
invalid recipe. unable to create recipe (dark_prismarine_stairs_from_dark_prismarine_stonecutting.json) because it is implemented by other means (stonecutting)
invalid recipe. unable to create recipe (diamond_from_blasting.json) because it is implemented by other means (blasting)
invalid recipe. unable to create recipe (diamond_from_smelting.json) because it is implemented by other means (smelting)
invalid recipe. unable to create recipe (diorite_slab_from_diorite_stonecutting.json) because it is implemented by other means (stonecutting)
invalid recipe. unable to create recipe (diorite_stairs_from_diorite_stonecutting.json) because it is implemented by other means (stonecutting)
invalid recipe. unable to create recipe (diorite_wall_from_diorite_stonecutting.json) because it is implemented by other means (stonecutting)
invalid recipe. unable to create recipe (dried_kelp_from_campfire_cooking.json) because it is implemented by other means (campfire_cooking)
invalid recipe. unable to create recipe (dried_kelp_from_smelting.json) because it is implemented by other means (smelting)
invalid recipe. unable to create recipe (dried_kelp_from_smoking.json) because it is implemented by other means (smoking)
invalid recipe. unable to create recipe (emerald_from_blasting.json) because it is implemented by other means (blasting)
invalid recipe. unable to create recipe (emerald_from_smelting.json) because it is implemented by other means (smelting)
invalid recipe. unable to create recipe (end_stone_bricks_from_end_stone_stonecutting.json) because it is implemented by other means (stonecutting)
invalid recipe. unable to create recipe (end_stone_brick_slab_from_end_stone_brick_stonecutting.json) because it is implemented by other means (stonecutting)
invalid recipe. unable to create recipe (end_stone_brick_slab_from_end_stone_stonecutting.json) because it is implemented by other means (stonecutting)
invalid recipe. unable to create recipe (end_stone_brick_stairs_from_end_stone_brick_stonecutting.json) because it is implemented by other means (stonecutting)
invalid recipe. unable to create recipe (end_stone_brick_stairs_from_end_stone_stonecutting.json) because it is implemented by other means (stonecutting)
invalid recipe. unable to create recipe (end_stone_brick_wall_from_end_stone_brick_stonecutting.json) because it is implemented by other means (stonecutting)
invalid recipe. unable to create recipe (end_stone_brick_wall_from_end_stone_stonecutting.json) because it is implemented by other means (stonecutting)
invalid recipe. unable to create recipe (firework_rocket.json) beacuse of an incompatible crafting_type (crafting_special_firework_rocket)
invalid recipe. unable to create recipe (firework_star.json) beacuse of an incompatible crafting_type (crafting_special_firework_star)
invalid recipe. unable to create recipe (firework_star_fade.json) beacuse of an incompatible crafting_type (crafting_special_firework_star_fade)
invalid recipe. unable to create recipe (glass.json) because it is implemented by other means (smelting)
invalid recipe. unable to create recipe (gold_ingot.json) because it is implemented by other means (smelting)
invalid recipe. unable to create recipe (gold_ingot_from_blasting.json) because it is implemented by other means (blasting)
invalid recipe. unable to create recipe (gold_nugget_from_blasting.json) because it is implemented by other means (blasting)
invalid recipe. unable to create recipe (gold_nugget_from_smelting.json) because it is implemented by other means (smelting)
invalid recipe. unable to create recipe (granite_slab_from_granite_stonecutting.json) because it is implemented by other means (stonecutting)
invalid recipe. unable to create recipe (granite_stairs_from_granite_stonecutting.json) because it is implemented by other means (stonecutting)
invalid recipe. unable to create recipe (granite_wall_from_granite_stonecutting.json) because it is implemented by other means (stonecutting)
invalid recipe. unable to create recipe (gray_glazed_terracotta.json) because it is implemented by other means (smelting)
invalid recipe. unable to create recipe (green_dye.json) because it is implemented by other means (smelting)
invalid recipe. unable to create recipe (green_glazed_terracotta.json) because it is implemented by other means (smelting)
invalid recipe. unable to create recipe (iron_ingot.json) because it is implemented by other means (smelting)
invalid recipe. unable to create recipe (iron_ingot_from_blasting.json) because it is implemented by other means (blasting)
invalid recipe. unable to create recipe (iron_nugget_from_blasting.json) because it is implemented by other means (blasting)
invalid recipe. unable to create recipe (iron_nugget_from_smelting.json) because it is implemented by other means (smelting)
invalid recipe. unable to create recipe (lapis_from_blasting.json) because it is implemented by other means (blasting)
invalid recipe. unable to create recipe (lapis_from_smelting.json) because it is implemented by other means (smelting)
invalid recipe. unable to create recipe (light_blue_glazed_terracotta.json) because it is implemented by other means (smelting)
invalid recipe. unable to create recipe (light_gray_glazed_terracotta.json) because it is implemented by other means (smelting)
invalid recipe. unable to create recipe (lime_dye_from_smelting.json) because it is implemented by other means (smelting)
invalid recipe. unable to create recipe (lime_glazed_terracotta.json) because it is implemented by other means (smelting)
invalid recipe. unable to create recipe (magenta_glazed_terracotta.json) because it is implemented by other means (smelting)
invalid recipe. unable to create recipe (map_cloning.json) beacuse of an incompatible crafting_type (crafting_special_mapcloning)
invalid recipe. unable to create recipe (map_extending.json) beacuse of an incompatible crafting_type (crafting_special_mapextending)
invalid recipe. unable to create recipe (mossy_cobblestone_slab_from_mossy_cobblestone_stonecutting.json) because it is implemented by other means (stonecutting)
invalid recipe. unable to create recipe (mossy_cobblestone_stairs_from_mossy_cobblestone_stonecutting.json) because it is implemented by other means (stonecutting)
invalid recipe. unable to create recipe (mossy_cobblestone_wall_from_mossy_cobblestone_stonecutting.json) because it is implemented by other means (stonecutting)
invalid recipe. unable to create recipe (mossy_stone_brick_slab_from_mossy_stone_brick_stonecutting.json) because it is implemented by other means (stonecutting)
invalid recipe. unable to create recipe (mossy_stone_brick_stairs_from_mossy_stone_brick_stonecutting.json) because it is implemented by other means (stonecutting)
invalid recipe. unable to create recipe (mossy_stone_brick_wall_from_mossy_stone_brick_stonecutting.json) because it is implemented by other means (stonecutting)
invalid recipe. unable to create recipe (netherite_axe_smithing.json) beacuse of an incompatible crafting_type (smithing)
invalid recipe. unable to create recipe (netherite_boots_smithing.json) beacuse of an incompatible crafting_type (smithing)
invalid recipe. unable to create recipe (netherite_chestplate_smithing.json) beacuse of an incompatible crafting_type (smithing)
invalid recipe. unable to create recipe (netherite_helmet_smithing.json) beacuse of an incompatible crafting_type (smithing)
invalid recipe. unable to create recipe (netherite_hoe_smithing.json) beacuse of an incompatible crafting_type (smithing)
invalid recipe. unable to create recipe (netherite_leggings_smithing.json) beacuse of an incompatible crafting_type (smithing)
invalid recipe. unable to create recipe (netherite_pickaxe_smithing.json) beacuse of an incompatible crafting_type (smithing)
invalid recipe. unable to create recipe (netherite_scrap.json) because it is implemented by other means (smelting)
invalid recipe. unable to create recipe (netherite_scrap_from_blasting.json) because it is implemented by other means (blasting)
invalid recipe. unable to create recipe (netherite_shovel_smithing.json) beacuse of an incompatible crafting_type (smithing)
invalid recipe. unable to create recipe (netherite_sword_smithing.json) beacuse of an incompatible crafting_type (smithing)
invalid recipe. unable to create recipe (nether_brick.json) because it is implemented by other means (smelting)
invalid recipe. unable to create recipe (nether_brick_slab_from_nether_bricks_stonecutting.json) because it is implemented by other means (stonecutting)
invalid recipe. unable to create recipe (nether_brick_stairs_from_nether_bricks_stonecutting.json) because it is implemented by other means (stonecutting)
invalid recipe. unable to create recipe (nether_brick_wall_from_nether_bricks_stonecutting.json) because it is implemented by other means (stonecutting)
invalid recipe. unable to create recipe (orange_glazed_terracotta.json) because it is implemented by other means (smelting)
invalid recipe. unable to create recipe (pink_glazed_terracotta.json) because it is implemented by other means (smelting)
invalid recipe. unable to create recipe (polished_andesite_from_andesite_stonecutting.json) because it is implemented by other means (stonecutting)
invalid recipe. unable to create recipe (polished_andesite_slab_from_andesite_stonecutting.json) because it is implemented by other means (stonecutting)
invalid recipe. unable to create recipe (polished_andesite_slab_from_polished_andesite_stonecutting.json) because it is implemented by other means (stonecutting)
invalid recipe. unable to create recipe (polished_andesite_stairs_from_andesite_stonecutting.json) because it is implemented by other means (stonecutting)
invalid recipe. unable to create recipe (polished_andesite_stairs_from_polished_andesite_stonecutting.json) because it is implemented by other means (stonecutting)
invalid recipe. unable to create recipe (polished_basalt_from_basalt_stonecutting.json) because it is implemented by other means (stonecutting)
invalid recipe. unable to create recipe (polished_blackstone_bricks_from_blackstone_stonecutting.json) because it is implemented by other means (stonecutting)
invalid recipe. unable to create recipe (polished_blackstone_bricks_from_polished_blackstone_stonecutting.json) because it is implemented by other means (stonecutting)
invalid recipe. unable to create recipe (polished_blackstone_brick_slab_from_blackstone_stonecutting.json) because it is implemented by other means (stonecutting)
invalid recipe. unable to create recipe (polished_blackstone_brick_slab_from_polished_blackstone_bricks_stonecutting.json) because it is implemented by other means (stonecutting)
invalid recipe. unable to create recipe (polished_blackstone_brick_slab_from_polished_blackstone_stonecutting.json) because it is implemented by other means (stonecutting)
invalid recipe. unable to create recipe (polished_blackstone_brick_stairs_from_blackstone_stonecutting.json) because it is implemented by other means (stonecutting)
invalid recipe. unable to create recipe (polished_blackstone_brick_stairs_from_polished_blackstone_bricks_stonecutting.json) because it is implemented by other means (stonecutting)
invalid recipe. unable to create recipe (polished_blackstone_brick_stairs_from_polished_blackstone_stonecutting.json) because it is implemented by other means (stonecutting)
invalid recipe. unable to create recipe (polished_blackstone_brick_wall_from_blackstone_stonecutting.json) because it is implemented by other means (stonecutting)
invalid recipe. unable to create recipe (polished_blackstone_brick_wall_from_polished_blackstone_bricks_stonecutting.json) because it is implemented by other means (stonecutting)
invalid recipe. unable to create recipe (polished_blackstone_brick_wall_from_polished_blackstone_stonecutting.json) because it is implemented by other means (stonecutting)
invalid recipe. unable to create recipe (polished_blackstone_from_blackstone_stonecutting.json) because it is implemented by other means (stonecutting)
invalid recipe. unable to create recipe (polished_blackstone_slab_from_blackstone_stonecutting.json) because it is implemented by other means (stonecutting)
invalid recipe. unable to create recipe (polished_blackstone_slab_from_polished_blackstone_stonecutting.json) because it is implemented by other means (stonecutting)
invalid recipe. unable to create recipe (polished_blackstone_stairs_from_blackstone_stonecutting.json) because it is implemented by other means (stonecutting)
invalid recipe. unable to create recipe (polished_blackstone_stairs_from_polished_blackstone_stonecutting.json) because it is implemented by other means (stonecutting)
invalid recipe. unable to create recipe (polished_blackstone_wall_from_blackstone_stonecutting.json) because it is implemented by other means (stonecutting)
invalid recipe. unable to create recipe (polished_blackstone_wall_from_polished_blackstone_stonecutting.json) because it is implemented by other means (stonecutting)
invalid recipe. unable to create recipe (polished_diorite_from_diorite_stonecutting.json) because it is implemented by other means (stonecutting)
invalid recipe. unable to create recipe (polished_diorite_slab_from_diorite_stonecutting.json) because it is implemented by other means (stonecutting)
invalid recipe. unable to create recipe (polished_diorite_slab_from_polished_diorite_stonecutting.json) because it is implemented by other means (stonecutting)
invalid recipe. unable to create recipe (polished_diorite_stairs_from_diorite_stonecutting.json) because it is implemented by other means (stonecutting)
invalid recipe. unable to create recipe (polished_diorite_stairs_from_polished_diorite_stonecutting.json) because it is implemented by other means (stonecutting)
invalid recipe. unable to create recipe (polished_granite_from_granite_stonecutting.json) because it is implemented by other means (stonecutting)
invalid recipe. unable to create recipe (polished_granite_slab_from_granite_stonecutting.json) because it is implemented by other means (stonecutting)
invalid recipe. unable to create recipe (polished_granite_slab_from_polished_granite_stonecutting.json) because it is implemented by other means (stonecutting)
invalid recipe. unable to create recipe (polished_granite_stairs_from_granite_stonecutting.json) because it is implemented by other means (stonecutting)
invalid recipe. unable to create recipe (polished_granite_stairs_from_polished_granite_stonecutting.json) because it is implemented by other means (stonecutting)
invalid recipe. unable to create recipe (popped_chorus_fruit.json) because it is implemented by other means (smelting)
invalid recipe. unable to create recipe (prismarine_brick_slab_from_prismarine_stonecutting.json) because it is implemented by other means (stonecutting)
invalid recipe. unable to create recipe (prismarine_brick_stairs_from_prismarine_stonecutting.json) because it is implemented by other means (stonecutting)
invalid recipe. unable to create recipe (prismarine_slab_from_prismarine_stonecutting.json) because it is implemented by other means (stonecutting)
invalid recipe. unable to create recipe (prismarine_stairs_from_prismarine_stonecutting.json) because it is implemented by other means (stonecutting)
invalid recipe. unable to create recipe (prismarine_wall_from_prismarine_stonecutting.json) because it is implemented by other means (stonecutting)
invalid recipe. unable to create recipe (purple_glazed_terracotta.json) because it is implemented by other means (smelting)
invalid recipe. unable to create recipe (purpur_pillar_from_purpur_block_stonecutting.json) because it is implemented by other means (stonecutting)
invalid recipe. unable to create recipe (purpur_slab_from_purpur_block_stonecutting.json) because it is implemented by other means (stonecutting)
invalid recipe. unable to create recipe (purpur_stairs_from_purpur_block_stonecutting.json) because it is implemented by other means (stonecutting)
invalid recipe. unable to create recipe (quartz.json) because it is implemented by other means (smelting)
invalid recipe. unable to create recipe (quartz_bricks_from_quartz_block_stonecutting.json) because it is implemented by other means (stonecutting)
invalid recipe. unable to create recipe (quartz_from_blasting.json) because it is implemented by other means (blasting)
invalid recipe. unable to create recipe (quartz_pillar_from_quartz_block_stonecutting.json) because it is implemented by other means (stonecutting)
invalid recipe. unable to create recipe (quartz_slab_from_stonecutting.json) because it is implemented by other means (stonecutting)
invalid recipe. unable to create recipe (quartz_stairs_from_quartz_block_stonecutting.json) because it is implemented by other means (stonecutting)
invalid recipe. unable to create recipe (redstone_from_blasting.json) because it is implemented by other means (blasting)
invalid recipe. unable to create recipe (redstone_from_smelting.json) because it is implemented by other means (smelting)
invalid recipe. unable to create recipe (red_glazed_terracotta.json) because it is implemented by other means (smelting)
invalid recipe. unable to create recipe (red_nether_brick_slab_from_red_nether_bricks_stonecutting.json) because it is implemented by other means (stonecutting)
invalid recipe. unable to create recipe (red_nether_brick_stairs_from_red_nether_bricks_stonecutting.json) because it is implemented by other means (stonecutting)
invalid recipe. unable to create recipe (red_nether_brick_wall_from_red_nether_bricks_stonecutting.json) because it is implemented by other means (stonecutting)
invalid recipe. unable to create recipe (red_sandstone_slab_from_red_sandstone_stonecutting.json) because it is implemented by other means (stonecutting)
invalid recipe. unable to create recipe (red_sandstone_stairs_from_red_sandstone_stonecutting.json) because it is implemented by other means (stonecutting)
invalid recipe. unable to create recipe (red_sandstone_wall_from_red_sandstone_stonecutting.json) because it is implemented by other means (stonecutting)
invalid recipe. unable to create recipe (repair_item.json) beacuse of an incompatible crafting_type (crafting_special_repairitem)
invalid recipe. unable to create recipe (sandstone_slab_from_sandstone_stonecutting.json) because it is implemented by other means (stonecutting)
invalid recipe. unable to create recipe (sandstone_stairs_from_sandstone_stonecutting.json) because it is implemented by other means (stonecutting)
invalid recipe. unable to create recipe (sandstone_wall_from_sandstone_stonecutting.json) because it is implemented by other means (stonecutting)
invalid recipe. unable to create recipe (shield_decoration.json) beacuse of an incompatible crafting_type (crafting_special_shielddecoration)
invalid recipe. unable to create recipe (shulker_box_coloring.json) beacuse of an incompatible crafting_type (crafting_special_shulkerboxcoloring)
invalid recipe. unable to create recipe (smooth_quartz.json) because it is implemented by other means (smelting)
invalid recipe. unable to create recipe (smooth_quartz_slab_from_smooth_quartz_stonecutting.json) because it is implemented by other means (stonecutting)
invalid recipe. unable to create recipe (smooth_quartz_stairs_from_smooth_quartz_stonecutting.json) because it is implemented by other means (stonecutting)
invalid recipe. unable to create recipe (smooth_red_sandstone.json) because it is implemented by other means (smelting)
invalid recipe. unable to create recipe (smooth_red_sandstone_slab_from_smooth_red_sandstone_stonecutting.json) because it is implemented by other means (stonecutting)
invalid recipe. unable to create recipe (smooth_red_sandstone_stairs_from_smooth_red_sandstone_stonecutting.json) because it is implemented by other means (stonecutting)
invalid recipe. unable to create recipe (smooth_sandstone.json) because it is implemented by other means (smelting)
invalid recipe. unable to create recipe (smooth_sandstone_slab_from_smooth_sandstone_stonecutting.json) because it is implemented by other means (stonecutting)
invalid recipe. unable to create recipe (smooth_sandstone_stairs_from_smooth_sandstone_stonecutting.json) because it is implemented by other means (stonecutting)
invalid recipe. unable to create recipe (smooth_stone.json) because it is implemented by other means (smelting)
invalid recipe. unable to create recipe (smooth_stone_slab_from_smooth_stone_stonecutting.json) because it is implemented by other means (stonecutting)
invalid recipe. unable to create recipe (sponge.json) because it is implemented by other means (smelting)
invalid recipe. unable to create recipe (stone.json) because it is implemented by other means (smelting)
invalid recipe. unable to create recipe (stone_bricks_from_stone_stonecutting.json) because it is implemented by other means (stonecutting)
invalid recipe. unable to create recipe (stone_brick_slab_from_stone_bricks_stonecutting.json) because it is implemented by other means (stonecutting)
invalid recipe. unable to create recipe (stone_brick_slab_from_stone_stonecutting.json) because it is implemented by other means (stonecutting)
invalid recipe. unable to create recipe (stone_brick_stairs_from_stone_bricks_stonecutting.json) because it is implemented by other means (stonecutting)
invalid recipe. unable to create recipe (stone_brick_stairs_from_stone_stonecutting.json) because it is implemented by other means (stonecutting)
invalid recipe. unable to create recipe (stone_brick_walls_from_stone_stonecutting.json) because it is implemented by other means (stonecutting)
invalid recipe. unable to create recipe (stone_brick_wall_from_stone_bricks_stonecutting.json) because it is implemented by other means (stonecutting)
invalid recipe. unable to create recipe (stone_slab_from_stone_stonecutting.json) because it is implemented by other means (stonecutting)
invalid recipe. unable to create recipe (stone_stairs_from_stone_stonecutting.json) because it is implemented by other means (stonecutting)
invalid recipe. unable to create recipe (suspicious_stew.json) beacuse of an incompatible crafting_type (crafting_special_suspiciousstew)
invalid recipe. unable to create recipe (terracotta.json) because it is implemented by other means (smelting)
invalid recipe. unable to create recipe (tipped_arrow.json) beacuse of an incompatible crafting_type (crafting_special_tippedarrow)
invalid recipe. unable to create recipe (white_glazed_terracotta.json) because it is implemented by other means (smelting)
invalid recipe. unable to create recipe (yellow_glazed_terracotta.json) because it is implemented by other means (smelting)
[generator closed at 2020-11-12 20:33:27]